[INIT] 2026-03-21T16:18:44+07:00 - Antigravity Performance Analysis Started.
[INFO] Establishing task execution boundaries...
[INFO] Targets identified for inspection: 
  - backend/src/db/schema.ts
  - backend/src/services/transaction.service.ts
  - apps/pos/src/App.tsx
[STEP 1] Commencing deep dive into Supabase Drizzle ORM queries and PostgreSQL schema performance indexes.
[STEP 2] 2026-03-21T16:21:00+07:00 - Database Analysis Complete.
> WARNING:
  1. No Indexes on Foreign Keys detected in schema.ts. Supabase (PostgreSQL) doesn't auto-index FKs. Queries like getTransactionById will trigger full table scans on sale_items!
  2. Severe N+1 Query Logic in transaction.service.ts -> processCheckout: Loops inside loops sequentially awaiting tx.select() and tx.update(). 5 cart items of 3 ingredients each = >50 separate DB network roundtrips!
[STEP 3] Analyzing Frontend & Network...
[STEP 4] 2026-03-21T16:22:15+07:00 - Writing Final Optimization Blueprint

1. MENGAPA POS LAMBAT SAAT TRANSAKSI:
- N+1 Query Problem di 'transaction.service.ts'. Setiap menu (recipe) yang dibeli memicu query ke 'recipe_ingredients', lalu melakukan N-query lagi ke 'inventory' dan 'stockMovements' di dalam loop bersarang (nested loop) menggunakan 'await' secara sekuensial. 
- Bayangkan 5 item di keranjang dengan masing-masing 3 bahan baku = >50 request jaringan antara Render Backend & Supabase DB selama 1 transaksi checkout!

2. POTENSI BOTTLENECK DATABASE SUPABASE:
- TIDAK ADA INDEX (Foreign Keys) di 'schema.ts'. Kolom seperti 'sale_id', 'recipe_id', dan 'inventory_id' pada tabel relasi tidak di-index. 
- Render Backend berjalan di region tertentu, jika Supabase ada di region lain (misal: US vs SG), RTT latency per query bisa mencapai 50ms (Total 50 * 50ms = 2.5 DETIK hanya untuk pindah data jaringan dalam satu klik transaksi).

3. SARAN OPTIMASI:
- BACKEND API: Gunakan 'Bulk Insert' untuk 'saleItems' dan 'stockMovements' (tx.insert().values(arrayOfItems)). Gunakan 'inArray' (SQL IN clause) untuk menarik data 'recipeIngredients' 1x saja, baru dikelola di memori JS sebelum dikirim balik.
- FRONTEND: Modifikasi App.tsx -> apiClient.checkoutCart agar menggunakan Optimistic UI Updates. Sembunyikan delay render dari layar kasir, jangan menunggu alert() blocking.

4. REKOMENDASI MODULARISASI:
- Pecah 'transaction.service.ts' (yang sudah 300+ baris) menjadi:
  a. 'checkout.service.ts' (Hanya handle insert Sale)
  b. 'inventory-auditor.service.ts' (Hanya handle stock deduction dengan Bulk SQL Update)
  c. 'transaction-history.service.ts' (Handle GET data & JOIN)
- Jika memungkinkan, pindahkan logika potongan stok (Inventory Deductions) ke Supabase Database Functions (PL/pgSQL), lalu panggil via RPC backend Render untuk menihilkan N+1 latency!

[DONE] STATUS: ANALISIS KOMPREHENSIF SELESAI.
