
> cogs@0.0.0 build
> tsc -b && vite build

[36mvite v7.3.1 [32mbuilding client environment for production...[36m[39m
transforming...
[32m[39m 4 modules transformed.
node.exe : 
[31m[39m Build 
failed in 2.35s
At line:1 char:1
+ & "C:\Program File
s\nodejs/node.exe" 
"C:\Program Files\no
dejs/node_mo ...
+ ~~~~~~~~~~~~~~~~~~
~~~~~~~~~~~~~~~~~~~~
~~~~~~~~~~~~~~~~~~~~
~~~~~~~~~~~
    + CategoryInfo  
            : NotS  
  pecified: ([31   
 m[39m Build    
 failed in 2.35    
s:String) [], R    
emoteException
    + FullyQualifie 
   dErrorId : Nati  
  veCommandError
 
[31merror during 
build:
[31m[vite:css] 
[postcss] 
Unexpected token, 
expected "(" 
(2:21)[31m
file: [36mD:/PROJEC
T/Desktop/Laporan 
Kerabat/APLIKASI 
POS STOK KERABAT/app
s/cogs/src/index.css
:undefined:NaN[31m
    at unexpected (D
:\PROJECT\Desktop\La
poran 
Kerabat\APLIKASI 
POS STOK KERABAT\nod
e_modules\sucrase\di
st\parser\traverser\
util.js:99:15)
    at expect (D:\PR
OJECT\Desktop\Lapora
n Kerabat\APLIKASI 
POS STOK KERABAT\nod
e_modules\sucrase\di
st\parser\traverser\
util.js:86:5)
    at 
parseFunctionParams 
(D:\PROJECT\Desktop\
Laporan 
Kerabat\APLIKASI 
POS STOK KERABAT\nod
e_modules\sucrase\di
st\parser\traverser\
statement.js:699:16)
    at parseMethod (
D:\PROJECT\Desktop\L
aporan 
Kerabat\APLIKASI 
POS STOK KERABAT\nod
e_modules\sucrase\di
st\parser\traverser\
expression.js:924:34
)
    at 
parseObjectMethod (D
:\PROJECT\Desktop\La
poran 
Kerabat\APLIKASI 
POS STOK KERABAT\nod
e_modules\sucrase\di
st\parser\traverser\
expression.js:840:5)
    at 
parseObjPropValue (D
:\PROJECT\Desktop\La
poran 
Kerabat\APLIKASI 
POS STOK KERABAT\nod
e_modules\sucrase\di
st\parser\traverser\
expression.js:890:21
)
    at parseObj (D:\
PROJECT\Desktop\Lapo
ran 
Kerabat\APLIKASI 
POS STOK KERABAT\nod
e_modules\sucrase\di
st\parser\traverser\
expression.js:808:5)
    at 
parseExprAtom (D:\PR
OJECT\Desktop\Lapora
n Kerabat\APLIKASI 
POS STOK KERABAT\nod
e_modules\sucrase\di
st\parser\traverser\
expression.js:553:7)
    at 
parseExprSubscripts 
(D:\PROJECT\Desktop\
Laporan 
Kerabat\APLIKASI 
POS STOK KERABAT\nod
e_modules\sucrase\di
st\parser\traverser\
expression.js:276:20
)
    at 
parseMaybeUnary (D:\
PROJECT\Desktop\Lapo
ran 
Kerabat\APLIKASI 
POS STOK KERABAT\nod
e_modules\sucrase\di
st\parser\traverser\
expression.js:257:20
)[39m
npm error Lifecycle 
script `build` 
failed with error:
npm error code 1
npm error path D:\PR
OJECT\Desktop\Lapora
n Kerabat\APLIKASI 
POS STOK 
KERABAT\apps\cogs
npm error workspace 
cogs@0.0.0
npm error location D
:\PROJECT\Desktop\La
poran 
Kerabat\APLIKASI 
POS STOK 
KERABAT\apps\cogs
npm error command 
failed
npm error command C:
\WINDOWS\system32\cm
d.exe /d /s /c tsc 
-b && vite build


> dashboard@0.0.0 build
> vite build

[36mvite v7.3.1 [32mbuilding client environment for production...[36m[39m
transforming...
[32m[39m 94 modules transformed.
rendering chunks...
computing gzip size...
[2mdist/[22m[32mindex.html                 [39m[1m[2m  0.80 kB[22m[1m[22m[2m  gzip:  0.47 kB[22m
[2mdist/[22m[35massets/index-FDy0-lxq.css  [39m[1m[2m 27.04 kB[22m[1m[22m[2m  gzip:  5.77 kB[22m
[2mdist/[22m[36massets/index-DR2h_-Jj.js   [39m[1m[2m237.33 kB[22m[1m[22m[2m  gzip: 73.64 kB[22m
[32m built in 8.83s[39m

> employees@0.0.0 build
> tsc -b && vite build

[36mvite v7.3.1 [32mbuilding client environment for production...[36m[39m
transforming...
[32m[39m 3 modules transformed.
[31m[39m Build 
failed in 2.35s
[31merror during 
build:
[31m[vite:css] 
[postcss] 
Unexpected token, 
expected "(" 
(2:21)[31m
file: [36mD:/PROJEC
T/Desktop/Laporan 
Kerabat/APLIKASI 
POS STOK KERABAT/app
s/employees/src/inde
x.css:undefined:NaN
[31m
    at unexpected (D
:\PROJECT\Desktop\La
poran 
Kerabat\APLIKASI 
POS STOK KERABAT\nod
e_modules\sucrase\di
st\parser\traverser\
util.js:99:15)
    at expect (D:\PR
OJECT\Desktop\Lapora
n Kerabat\APLIKASI 
POS STOK KERABAT\nod
e_modules\sucrase\di
st\parser\traverser\
util.js:86:5)
    at 
parseFunctionParams 
(D:\PROJECT\Desktop\
Laporan 
Kerabat\APLIKASI 
POS STOK KERABAT\nod
e_modules\sucrase\di
st\parser\traverser\
statement.js:699:16)
    at parseMethod (
D:\PROJECT\Desktop\L
aporan 
Kerabat\APLIKASI 
POS STOK KERABAT\nod
e_modules\sucrase\di
st\parser\traverser\
expression.js:924:34
)
    at 
parseObjectMethod (D
:\PROJECT\Desktop\La
poran 
Kerabat\APLIKASI 
POS STOK KERABAT\nod
e_modules\sucrase\di
st\parser\traverser\
expression.js:840:5)
    at 
parseObjPropValue (D
:\PROJECT\Desktop\La
poran 
Kerabat\APLIKASI 
POS STOK KERABAT\nod
e_modules\sucrase\di
st\parser\traverser\
expression.js:890:21
)
    at parseObj (D:\
PROJECT\Desktop\Lapo
ran 
Kerabat\APLIKASI 
POS STOK KERABAT\nod
e_modules\sucrase\di
st\parser\traverser\
expression.js:808:5)
    at 
parseExprAtom (D:\PR
OJECT\Desktop\Lapora
n Kerabat\APLIKASI 
POS STOK KERABAT\nod
e_modules\sucrase\di
st\parser\traverser\
expression.js:553:7)
    at 
parseExprSubscripts 
(D:\PROJECT\Desktop\
Laporan 
Kerabat\APLIKASI 
POS STOK KERABAT\nod
e_modules\sucrase\di
st\parser\traverser\
expression.js:276:20
)
    at 
parseMaybeUnary (D:\
PROJECT\Desktop\Lapo
ran 
Kerabat\APLIKASI 
POS STOK KERABAT\nod
e_modules\sucrase\di
st\parser\traverser\
expression.js:257:20
)[39m
npm error Lifecycle 
script `build` 
failed with error:
npm error code 1
npm error path D:\PR
OJECT\Desktop\Lapora
n Kerabat\APLIKASI 
POS STOK KERABAT\app
s\employees
npm error workspace 
employees@0.0.0
npm error location D
:\PROJECT\Desktop\La
poran 
Kerabat\APLIKASI 
POS STOK KERABAT\app
s\employees
npm error command 
failed
npm error command C:
\WINDOWS\system32\cm
d.exe /d /s /c tsc 
-b && vite build


> expenses@0.0.0 build
> tsc -b && vite build

[36mvite v7.3.1 [32mbuilding client environment for production...[36m[39m
transforming...
[32m[39m 532 modules transformed.
rendering chunks...
computing gzip size...
[2mdist/[22m[32mindex.html                 [39m[1m[2m  1.01 kB[22m[1m[22m[2m  gzip:   0.56 kB[22m
[2mdist/[22m[35massets/index-CtAHO5Lg.css  [39m[1m[2m 22.16 kB[22m[1m[22m[2m  gzip:   4.94 kB[22m
[2mdist/[22m[36massets/index-BGGi7HUK.js   [39m[1m[33m537.21 kB[39m[22m[2m  gzip: 161.39 kB[22m
[32m built in 16.15s[39m
[33m
(!) Some chunks are 
larger than 500 kB 
after minification. 
Consider:
- Using dynamic 
import() to 
code-split the 
application
- Use build.rollupOp
tions.output.manualC
hunks to improve 
chunking: https://ro
llupjs.org/configura
tion-options/#output
-manualchunks
- Adjust chunk size 
limit for this 
warning via build.ch
unkSizeWarningLimit.
[39m

> hpp@0.0.0 build
> tsc -b && vite build

[36mvite v7.3.1 [32mbuilding client environment for production...[36m[39m
transforming...
[32m[39m 3 modules transformed.
[31m[39m Build 
failed in 2.21s
[31merror during 
build:
[31m[vite:css] 
[postcss] 
Unexpected token, 
expected "(" 
(2:21)[31m
file: [36mD:/PROJEC
T/Desktop/Laporan 
Kerabat/APLIKASI 
POS STOK KERABAT/app
s/hpp/src/index.css:
undefined:NaN[31m
    at unexpected (D
:\PROJECT\Desktop\La
poran 
Kerabat\APLIKASI 
POS STOK KERABAT\nod
e_modules\sucrase\di
st\parser\traverser\
util.js:99:15)
    at expect (D:\PR
OJECT\Desktop\Lapora
n Kerabat\APLIKASI 
POS STOK KERABAT\nod
e_modules\sucrase\di
st\parser\traverser\
util.js:86:5)
    at 
parseFunctionParams 
(D:\PROJECT\Desktop\
Laporan 
Kerabat\APLIKASI 
POS STOK KERABAT\nod
e_modules\sucrase\di
st\parser\traverser\
statement.js:699:16)
    at parseMethod (
D:\PROJECT\Desktop\L
aporan 
Kerabat\APLIKASI 
POS STOK KERABAT\nod
e_modules\sucrase\di
st\parser\traverser\
expression.js:924:34
)
    at 
parseObjectMethod (D
:\PROJECT\Desktop\La
poran 
Kerabat\APLIKASI 
POS STOK KERABAT\nod
e_modules\sucrase\di
st\parser\traverser\
expression.js:840:5)
    at 
parseObjPropValue (D
:\PROJECT\Desktop\La
poran 
Kerabat\APLIKASI 
POS STOK KERABAT\nod
e_modules\sucrase\di
st\parser\traverser\
expression.js:890:21
)
    at parseObj (D:\
PROJECT\Desktop\Lapo
ran 
Kerabat\APLIKASI 
POS STOK KERABAT\nod
e_modules\sucrase\di
st\parser\traverser\
expression.js:808:5)
    at 
parseExprAtom (D:\PR
OJECT\Desktop\Lapora
n Kerabat\APLIKASI 
POS STOK KERABAT\nod
e_modules\sucrase\di
st\parser\traverser\
expression.js:553:7)
    at 
parseExprSubscripts 
(D:\PROJECT\Desktop\
Laporan 
Kerabat\APLIKASI 
POS STOK KERABAT\nod
e_modules\sucrase\di
st\parser\traverser\
expression.js:276:20
)
    at 
parseMaybeUnary (D:\
PROJECT\Desktop\Lapo
ran 
Kerabat\APLIKASI 
POS STOK KERABAT\nod
e_modules\sucrase\di
st\parser\traverser\
expression.js:257:20
)[39m
npm error Lifecycle 
script `build` 
failed with error:
npm error code 1
npm error path D:\PR
OJECT\Desktop\Lapora
n Kerabat\APLIKASI 
POS STOK 
KERABAT\apps\hpp
npm error workspace 
hpp@0.0.0
npm error location D
:\PROJECT\Desktop\La
poran 
Kerabat\APLIKASI 
POS STOK 
KERABAT\apps\hpp
npm error command 
failed
npm error command C:
\WINDOWS\system32\cm
d.exe /d /s /c tsc 
-b && vite build


> inventory@0.0.0 build
> tsc -b && vite build

[36mvite v7.3.1 [32mbuilding client environment for production...[36m[39m
transforming...
[32m[39m 99 modules transformed.
rendering chunks...
computing gzip size...
[2mdist/[22m[32mindex.html                 [39m[1m[2m  0.99 kB[22m[1m[22m[2m  gzip:  0.46 kB[22m
[2mdist/[22m[35massets/index-CtDqMweb.css  [39m[1m[2m 36.24 kB[22m[1m[22m[2m  gzip:  7.17 kB[22m
[2mdist/[22m[36massets/index-BgRqjp9J.js   [39m[1m[2m297.75 kB[22m[1m[22m[2m  gzip: 84.33 kB[22m
[32m built in 7.69s[39m

> opname@0.0.0 build
> tsc -b && vite build

[36mvite v7.3.1 [32mbuilding client environment for production...[36m[39m
transforming...
[32m[39m 3 modules transformed.
[31m[39m Build 
failed in 1.38s
[31merror during 
build:
[31m[vite:css] 
[postcss] 
Unexpected token, 
expected "(" 
(2:21)[31m
file: [36mD:/PROJEC
T/Desktop/Laporan 
Kerabat/APLIKASI 
POS STOK KERABAT/app
s/opname/src/index.c
ss:undefined:NaN[31
m
    at unexpected (D
:\PROJECT\Desktop\La
poran 
Kerabat\APLIKASI 
POS STOK KERABAT\nod
e_modules\sucrase\di
st\parser\traverser\
util.js:99:15)
    at expect (D:\PR
OJECT\Desktop\Lapora
n Kerabat\APLIKASI 
POS STOK KERABAT\nod
e_modules\sucrase\di
st\parser\traverser\
util.js:86:5)
    at 
parseFunctionParams 
(D:\PROJECT\Desktop\
Laporan 
Kerabat\APLIKASI 
POS STOK KERABAT\nod
e_modules\sucrase\di
st\parser\traverser\
statement.js:699:16)
    at parseMethod (
D:\PROJECT\Desktop\L
aporan 
Kerabat\APLIKASI 
POS STOK KERABAT\nod
e_modules\sucrase\di
st\parser\traverser\
expression.js:924:34
)
    at 
parseObjectMethod (D
:\PROJECT\Desktop\La
poran 
Kerabat\APLIKASI 
POS STOK KERABAT\nod
e_modules\sucrase\di
st\parser\traverser\
expression.js:840:5)
    at 
parseObjPropValue (D
:\PROJECT\Desktop\La
poran 
Kerabat\APLIKASI 
POS STOK KERABAT\nod
e_modules\sucrase\di
st\parser\traverser\
expression.js:890:21
)
    at parseObj (D:\
PROJECT\Desktop\Lapo
ran 
Kerabat\APLIKASI 
POS STOK KERABAT\nod
e_modules\sucrase\di
st\parser\traverser\
expression.js:808:5)
    at 
parseExprAtom (D:\PR
OJECT\Desktop\Lapora
n Kerabat\APLIKASI 
POS STOK KERABAT\nod
e_modules\sucrase\di
st\parser\traverser\
expression.js:553:7)
    at 
parseExprSubscripts 
(D:\PROJECT\Desktop\
Laporan 
Kerabat\APLIKASI 
POS STOK KERABAT\nod
e_modules\sucrase\di
st\parser\traverser\
expression.js:276:20
)
    at 
parseMaybeUnary (D:\
PROJECT\Desktop\Lapo
ran 
Kerabat\APLIKASI 
POS STOK KERABAT\nod
e_modules\sucrase\di
st\parser\traverser\
expression.js:257:20
)[39m
npm error Lifecycle 
script `build` 
failed with error:
npm error code 1
npm error path D:\PR
OJECT\Desktop\Lapora
n Kerabat\APLIKASI 
POS STOK 
KERABAT\apps\opname
npm error workspace 
opname@0.0.0
npm error location D
:\PROJECT\Desktop\La
poran 
Kerabat\APLIKASI 
POS STOK 
KERABAT\apps\opname
npm error command 
failed
npm error command C:
\WINDOWS\system32\cm
d.exe /d /s /c tsc 
-b && vite build


> @kerabat/pos@0.0.0 build
> tsc && vite build --base=/aplikasi-stok-kerabat/pos/

[36mvite v7.3.1 [32mbuilding client environment for production...[36m[39m
transforming...
[32m[39m 3 modules transformed.
[31m[39m Build 
failed in 1.30s
[31merror during 
build:
[31m[vite:esbuild] 
Transform failed 
with 1 error:
D:/PROJECT/Desktop/L
aporan 
Kerabat/APLIKASI 
POS STOK KERABAT/app
s/pos/src/App.tsx:22
9:10: ERROR: 
Unexpected closing 
"div" tag does not 
match opening 
"Layout" tag[31m
file: [36mD:/PROJEC
T/Desktop/Laporan 
Kerabat/APLIKASI 
POS STOK KERABAT/app
s/pos/src/App.tsx:22
9:10[31m
[33m
[33mUnexpected 
closing "div" tag 
does not match 
opening "Layout" 
tag[33m
227 |               
   </div>
228 |              
)}
229 |          
</div>
    |            ^
230 |      );
231 |  }
[31m
    at 
failureErrorWithLog 
(D:\PROJECT\Desktop\
Laporan 
Kerabat\APLIKASI 
POS STOK KERABAT\nod
e_modules\esbuild\li
b\main.js:1467:15)
    at D:\PROJECT\De
sktop\Laporan 
Kerabat\APLIKASI 
POS STOK KERABAT\nod
e_modules\esbuild\li
b\main.js:736:50
    at responseCallb
acks.<computed> (D:\
PROJECT\Desktop\Lapo
ran 
Kerabat\APLIKASI 
POS STOK KERABAT\nod
e_modules\esbuild\li
b\main.js:603:9)
    at handleIncomin
gPacket (D:\PROJECT\
Desktop\Laporan 
Kerabat\APLIKASI 
POS STOK KERABAT\nod
e_modules\esbuild\li
b\main.js:658:12)
    at Socket.readFr
omStdout (D:\PROJECT
\Desktop\Laporan 
Kerabat\APLIKASI 
POS STOK KERABAT\nod
e_modules\esbuild\li
b\main.js:581:7)
    at Socket.emit 
(node:events:508:28)
    at addChunk (nod
e:internal/streams/r
eadable:563:12)
    at readableAddCh
unkPushByteMode (nod
e:internal/streams/r
eadable:514:3)
    at 
Readable.push (node:
internal/streams/rea
dable:394:5)
    at 
Pipe.onStreamRead (n
ode:internal/stream_
base_commons:189:23)
[39m
npm error Lifecycle 
script `build` 
failed with error:
npm error code 1
npm error path D:\PR
OJECT\Desktop\Lapora
n Kerabat\APLIKASI 
POS STOK 
KERABAT\apps\pos
npm error workspace 
@kerabat/pos@0.0.0
npm error location D
:\PROJECT\Desktop\La
poran 
Kerabat\APLIKASI 
POS STOK 
KERABAT\apps\pos
npm error command 
failed
npm error command C:
\WINDOWS\system32\cm
d.exe /d /s /c tsc 
&& vite build --base
=/aplikasi-stok-kera
bat/pos/


> recipe-edit@0.0.0 build
> tsc -b && vite build

[36mvite v7.3.1 [32mbuilding client environment for production...[36m[39m
transforming...
[32m[39m 3 modules transformed.
[31m[39m Build 
failed in 1.81s
[31merror during 
build:
[31m[vite:css] 
[postcss] 
Unexpected token, 
expected "(" 
(2:21)[31m
file: [36mD:/PROJEC
T/Desktop/Laporan 
Kerabat/APLIKASI 
POS STOK KERABAT/app
s/recipe-edit/src/in
dex.css:undefined:Na
N[31m
    at unexpected (D
:\PROJECT\Desktop\La
poran 
Kerabat\APLIKASI 
POS STOK KERABAT\nod
e_modules\sucrase\di
st\parser\traverser\
util.js:99:15)
    at expect (D:\PR
OJECT\Desktop\Lapora
n Kerabat\APLIKASI 
POS STOK KERABAT\nod
e_modules\sucrase\di
st\parser\traverser\
util.js:86:5)
    at 
parseFunctionParams 
(D:\PROJECT\Desktop\
Laporan 
Kerabat\APLIKASI 
POS STOK KERABAT\nod
e_modules\sucrase\di
st\parser\traverser\
statement.js:699:16)
    at parseMethod (
D:\PROJECT\Desktop\L
aporan 
Kerabat\APLIKASI 
POS STOK KERABAT\nod
e_modules\sucrase\di
st\parser\traverser\
expression.js:924:34
)
    at 
parseObjectMethod (D
:\PROJECT\Desktop\La
poran 
Kerabat\APLIKASI 
POS STOK KERABAT\nod
e_modules\sucrase\di
st\parser\traverser\
expression.js:840:5)
    at 
parseObjPropValue (D
:\PROJECT\Desktop\La
poran 
Kerabat\APLIKASI 
POS STOK KERABAT\nod
e_modules\sucrase\di
st\parser\traverser\
expression.js:890:21
)
    at parseObj (D:\
PROJECT\Desktop\Lapo
ran 
Kerabat\APLIKASI 
POS STOK KERABAT\nod
e_modules\sucrase\di
st\parser\traverser\
expression.js:808:5)
    at 
parseExprAtom (D:\PR
OJECT\Desktop\Lapora
n Kerabat\APLIKASI 
POS STOK KERABAT\nod
e_modules\sucrase\di
st\parser\traverser\
expression.js:553:7)
    at 
parseExprSubscripts 
(D:\PROJECT\Desktop\
Laporan 
Kerabat\APLIKASI 
POS STOK KERABAT\nod
e_modules\sucrase\di
st\parser\traverser\
expression.js:276:20
)
    at 
parseMaybeUnary (D:\
PROJECT\Desktop\Lapo
ran 
Kerabat\APLIKASI 
POS STOK KERABAT\nod
e_modules\sucrase\di
st\parser\traverser\
expression.js:257:20
)[39m
npm error Lifecycle 
script `build` 
failed with error:
npm error code 1
npm error path D:\PR
OJECT\Desktop\Lapora
n Kerabat\APLIKASI 
POS STOK KERABAT\app
s\recipe-edit
npm error workspace 
recipe-edit@0.0.0
npm error location D
:\PROJECT\Desktop\La
poran 
Kerabat\APLIKASI 
POS STOK KERABAT\app
s\recipe-edit
npm error command 
failed
npm error command C:
\WINDOWS\system32\cm
d.exe /d /s /c tsc 
-b && vite build


> recipes@0.0.0 build
> tsc -b && vite build

[36mvite v7.3.1 [32mbuilding client environment for production...[36m[39m
transforming...
[32m[39m 3 modules transformed.
[31m[39m Build 
failed in 1.36s
[31merror during 
build:
[31m[vite:css] 
[postcss] 
Unexpected token, 
expected "(" 
(2:21)[31m
file: [36mD:/PROJEC
T/Desktop/Laporan 
Kerabat/APLIKASI 
POS STOK KERABAT/app
s/recipes/src/index.
css:undefined:NaN[3
1m
    at unexpected (D
:\PROJECT\Desktop\La
poran 
Kerabat\APLIKASI 
POS STOK KERABAT\nod
e_modules\sucrase\di
st\parser\traverser\
util.js:99:15)
    at expect (D:\PR
OJECT\Desktop\Lapora
n Kerabat\APLIKASI 
POS STOK KERABAT\nod
e_modules\sucrase\di
st\parser\traverser\
util.js:86:5)
    at 
parseFunctionParams 
(D:\PROJECT\Desktop\
Laporan 
Kerabat\APLIKASI 
POS STOK KERABAT\nod
e_modules\sucrase\di
st\parser\traverser\
statement.js:699:16)
    at parseMethod (
D:\PROJECT\Desktop\L
aporan 
Kerabat\APLIKASI 
POS STOK KERABAT\nod
e_modules\sucrase\di
st\parser\traverser\
expression.js:924:34
)
    at 
parseObjectMethod (D
:\PROJECT\Desktop\La
poran 
Kerabat\APLIKASI 
POS STOK KERABAT\nod
e_modules\sucrase\di
st\parser\traverser\
expression.js:840:5)
    at 
parseObjPropValue (D
:\PROJECT\Desktop\La
poran 
Kerabat\APLIKASI 
POS STOK KERABAT\nod
e_modules\sucrase\di
st\parser\traverser\
expression.js:890:21
)
    at parseObj (D:\
PROJECT\Desktop\Lapo
ran 
Kerabat\APLIKASI 
POS STOK KERABAT\nod
e_modules\sucrase\di
st\parser\traverser\
expression.js:808:5)
    at 
parseExprAtom (D:\PR
OJECT\Desktop\Lapora
n Kerabat\APLIKASI 
POS STOK KERABAT\nod
e_modules\sucrase\di
st\parser\traverser\
expression.js:553:7)
    at 
parseExprSubscripts 
(D:\PROJECT\Desktop\
Laporan 
Kerabat\APLIKASI 
POS STOK KERABAT\nod
e_modules\sucrase\di
st\parser\traverser\
expression.js:276:20
)
    at 
parseMaybeUnary (D:\
PROJECT\Desktop\Lapo
ran 
Kerabat\APLIKASI 
POS STOK KERABAT\nod
e_modules\sucrase\di
st\parser\traverser\
expression.js:257:20
)[39m
npm error Lifecycle 
script `build` 
failed with error:
npm error code 1
npm error path D:\PR
OJECT\Desktop\Lapora
n Kerabat\APLIKASI 
POS STOK 
KERABAT\apps\recipes
npm error workspace 
recipes@0.0.0
npm error location D
:\PROJECT\Desktop\La
poran 
Kerabat\APLIKASI 
POS STOK 
KERABAT\apps\recipes
npm error command 
failed
npm error command C:
\WINDOWS\system32\cm
d.exe /d /s /c tsc 
-b && vite build


> reports@0.0.0 build
> tsc -b && vite build

src/App.tsx(1,8): error TS6133: 'React' is declared but its value is never read.
npm error Lifecycle 
script `build` 
failed with error:
npm error code 2
npm error path D:\PR
OJECT\Desktop\Lapora
n Kerabat\APLIKASI 
POS STOK 
KERABAT\apps\reports
npm error workspace 
reports@0.0.0
npm error location D
:\PROJECT\Desktop\La
poran 
Kerabat\APLIKASI 
POS STOK 
KERABAT\apps\reports
npm error command 
failed
npm error command C:
\WINDOWS\system32\cm
d.exe /d /s /c tsc 
-b && vite build


> settings@0.0.0 build
> tsc -b && vite build

[36mvite v7.3.1 [32mbuilding client environment for production...[36m[39m
transforming...
[32m[39m 3 modules transformed.
[31m[39m Build 
failed in 1.51s
[31merror during 
build:
[31m[vite:css] 
[postcss] 
Unexpected token, 
expected "(" 
(2:21)[31m
file: [36mD:/PROJEC
T/Desktop/Laporan 
Kerabat/APLIKASI 
POS STOK KERABAT/app
s/settings/src/index
.css:undefined:NaN[
31m
    at unexpected (D
:\PROJECT\Desktop\La
poran 
Kerabat\APLIKASI 
POS STOK KERABAT\nod
e_modules\sucrase\di
st\parser\traverser\
util.js:99:15)
    at expect (D:\PR
OJECT\Desktop\Lapora
n Kerabat\APLIKASI 
POS STOK KERABAT\nod
e_modules\sucrase\di
st\parser\traverser\
util.js:86:5)
    at 
parseFunctionParams 
(D:\PROJECT\Desktop\
Laporan 
Kerabat\APLIKASI 
POS STOK KERABAT\nod
e_modules\sucrase\di
st\parser\traverser\
statement.js:699:16)
    at parseMethod (
D:\PROJECT\Desktop\L
aporan 
Kerabat\APLIKASI 
POS STOK KERABAT\nod
e_modules\sucrase\di
st\parser\traverser\
expression.js:924:34
)
    at 
parseObjectMethod (D
:\PROJECT\Desktop\La
poran 
Kerabat\APLIKASI 
POS STOK KERABAT\nod
e_modules\sucrase\di
st\parser\traverser\
expression.js:840:5)
    at 
parseObjPropValue (D
:\PROJECT\Desktop\La
poran 
Kerabat\APLIKASI 
POS STOK KERABAT\nod
e_modules\sucrase\di
st\parser\traverser\
expression.js:890:21
)
    at parseObj (D:\
PROJECT\Desktop\Lapo
ran 
Kerabat\APLIKASI 
POS STOK KERABAT\nod
e_modules\sucrase\di
st\parser\traverser\
expression.js:808:5)
    at 
parseExprAtom (D:\PR
OJECT\Desktop\Lapora
n Kerabat\APLIKASI 
POS STOK KERABAT\nod
e_modules\sucrase\di
st\parser\traverser\
expression.js:553:7)
    at 
parseExprSubscripts 
(D:\PROJECT\Desktop\
Laporan 
Kerabat\APLIKASI 
POS STOK KERABAT\nod
e_modules\sucrase\di
st\parser\traverser\
expression.js:276:20
)
    at 
parseMaybeUnary (D:\
PROJECT\Desktop\Lapo
ran 
Kerabat\APLIKASI 
POS STOK KERABAT\nod
e_modules\sucrase\di
st\parser\traverser\
expression.js:257:20
)[39m
npm error Lifecycle 
script `build` 
failed with error:
npm error code 1
npm error path D:\PR
OJECT\Desktop\Lapora
n Kerabat\APLIKASI 
POS STOK KERABAT\app
s\settings
npm error workspace 
settings@0.0.0
npm error location D
:\PROJECT\Desktop\La
poran 
Kerabat\APLIKASI 
POS STOK KERABAT\app
s\settings
npm error command 
failed
npm error command C:
\WINDOWS\system32\cm
d.exe /d /s /c tsc 
-b && vite build


> waste@0.0.0 build
> tsc -b && vite build

[36mvite v7.3.1 [32mbuilding client environment for production...[36m[39m
transforming...
[32m[39m 3 modules transformed.
[31m[39m Build 
failed in 1.42s
[31merror during 
build:
[31m[vite:css] 
[postcss] 
Unexpected token, 
expected "(" 
(2:21)[31m
file: [36mD:/PROJEC
T/Desktop/Laporan 
Kerabat/APLIKASI 
POS STOK KERABAT/app
s/waste/src/index.cs
s:undefined:NaN[31m
    at unexpected (D
:\PROJECT\Desktop\La
poran 
Kerabat\APLIKASI 
POS STOK KERABAT\nod
e_modules\sucrase\di
st\parser\traverser\
util.js:99:15)
    at expect (D:\PR
OJECT\Desktop\Lapora
n Kerabat\APLIKASI 
POS STOK KERABAT\nod
e_modules\sucrase\di
st\parser\traverser\
util.js:86:5)
    at 
parseFunctionParams 
(D:\PROJECT\Desktop\
Laporan 
Kerabat\APLIKASI 
POS STOK KERABAT\nod
e_modules\sucrase\di
st\parser\traverser\
statement.js:699:16)
    at parseMethod (
D:\PROJECT\Desktop\L
aporan 
Kerabat\APLIKASI 
POS STOK KERABAT\nod
e_modules\sucrase\di
st\parser\traverser\
expression.js:924:34
)
    at 
parseObjectMethod (D
:\PROJECT\Desktop\La
poran 
Kerabat\APLIKASI 
POS STOK KERABAT\nod
e_modules\sucrase\di
st\parser\traverser\
expression.js:840:5)
    at 
parseObjPropValue (D
:\PROJECT\Desktop\La
poran 
Kerabat\APLIKASI 
POS STOK KERABAT\nod
e_modules\sucrase\di
st\parser\traverser\
expression.js:890:21
)
    at parseObj (D:\
PROJECT\Desktop\Lapo
ran 
Kerabat\APLIKASI 
POS STOK KERABAT\nod
e_modules\sucrase\di
st\parser\traverser\
expression.js:808:5)
    at 
parseExprAtom (D:\PR
OJECT\Desktop\Lapora
n Kerabat\APLIKASI 
POS STOK KERABAT\nod
e_modules\sucrase\di
st\parser\traverser\
expression.js:553:7)
    at 
parseExprSubscripts 
(D:\PROJECT\Desktop\
Laporan 
Kerabat\APLIKASI 
POS STOK KERABAT\nod
e_modules\sucrase\di
st\parser\traverser\
expression.js:276:20
)
    at 
parseMaybeUnary (D:\
PROJECT\Desktop\Lapo
ran 
Kerabat\APLIKASI 
POS STOK KERABAT\nod
e_modules\sucrase\di
st\parser\traverser\
expression.js:257:20
)[39m
npm error Lifecycle 
script `build` 
failed with error:
npm error code 1
npm error path D:\PR
OJECT\Desktop\Lapora
n Kerabat\APLIKASI 
POS STOK 
KERABAT\apps\waste
npm error workspace 
waste@0.0.0
npm error location D
:\PROJECT\Desktop\La
poran 
Kerabat\APLIKASI 
POS STOK 
KERABAT\apps\waste
npm error command 
failed
npm error command C:
\WINDOWS\system32\cm
d.exe /d /s /c tsc 
-b && vite build


> waste-detail@0.0.0 build
> tsc -b && vite build

[36mvite v7.3.1 [32mbuilding client environment for production...[36m[39m
transforming...
[32m[39m 3 modules transformed.
[31m[39m Build 
failed in 1.48s
[31merror during 
build:
[31m[vite:css] 
[postcss] 
Unexpected token, 
expected "(" 
(2:21)[31m
file: [36mD:/PROJEC
T/Desktop/Laporan 
Kerabat/APLIKASI 
POS STOK KERABAT/app
s/waste-detail/src/i
ndex.css:undefined:N
aN[31m
    at unexpected (D
:\PROJECT\Desktop\La
poran 
Kerabat\APLIKASI 
POS STOK KERABAT\nod
e_modules\sucrase\di
st\parser\traverser\
util.js:99:15)
    at expect (D:\PR
OJECT\Desktop\Lapora
n Kerabat\APLIKASI 
POS STOK KERABAT\nod
e_modules\sucrase\di
st\parser\traverser\
util.js:86:5)
    at 
parseFunctionParams 
(D:\PROJECT\Desktop\
Laporan 
Kerabat\APLIKASI 
POS STOK KERABAT\nod
e_modules\sucrase\di
st\parser\traverser\
statement.js:699:16)
    at parseMethod (
D:\PROJECT\Desktop\L
aporan 
Kerabat\APLIKASI 
POS STOK KERABAT\nod
e_modules\sucrase\di
st\parser\traverser\
expression.js:924:34
)
    at 
parseObjectMethod (D
:\PROJECT\Desktop\La
poran 
Kerabat\APLIKASI 
POS STOK KERABAT\nod
e_modules\sucrase\di
st\parser\traverser\
expression.js:840:5)
    at 
parseObjPropValue (D
:\PROJECT\Desktop\La
poran 
Kerabat\APLIKASI 
POS STOK KERABAT\nod
e_modules\sucrase\di
st\parser\traverser\
expression.js:890:21
)
    at parseObj (D:\
PROJECT\Desktop\Lapo
ran 
Kerabat\APLIKASI 
POS STOK KERABAT\nod
e_modules\sucrase\di
st\parser\traverser\
expression.js:808:5)
    at 
parseExprAtom (D:\PR
OJECT\Desktop\Lapora
n Kerabat\APLIKASI 
POS STOK KERABAT\nod
e_modules\sucrase\di
st\parser\traverser\
expression.js:553:7)
    at 
parseExprSubscripts 
(D:\PROJECT\Desktop\
Laporan 
Kerabat\APLIKASI 
POS STOK KERABAT\nod
e_modules\sucrase\di
st\parser\traverser\
expression.js:276:20
)
    at 
parseMaybeUnary (D:\
PROJECT\Desktop\Lapo
ran 
Kerabat\APLIKASI 
POS STOK KERABAT\nod
e_modules\sucrase\di
st\parser\traverser\
expression.js:257:20
)[39m
npm error Lifecycle 
script `build` 
failed with error:
npm error code 1
npm error path D:\PR
OJECT\Desktop\Lapora
n Kerabat\APLIKASI 
POS STOK KERABAT\app
s\waste-detail
npm error workspace 
waste-detail@0.0.0
npm error location D
:\PROJECT\Desktop\La
poran 
Kerabat\APLIKASI 
POS STOK KERABAT\app
s\waste-detail
npm error command 
failed
npm error command C:
\WINDOWS\system32\cm
d.exe /d /s /c tsc 
-b && vite build
