[2026-03-15T03:53:45.166Z] --- STARTING BACKEND BOOTSTRAP ---
[2026-03-15T03:53:45.310Z] Loaded dotenv
[2026-03-15T03:53:45.324Z] Loaded Auth & Sessions
[2026-03-15T03:53:45.337Z] Initializing middleware
[2026-03-15T03:53:45.364Z] Loaded DB & Middleware
[2026-03-15T03:53:45.495Z] 🚀 Kerabat Backend is running on http://localhost:5000
[2026-03-15T04:28:27.361Z] --- STARTING BACKEND BOOTSTRAP ---
[2026-03-15T04:28:27.367Z] Loaded dotenv
[2026-03-15T04:28:27.368Z] Loaded Auth & Sessions
[2026-03-15T04:28:27.370Z] Initializing middleware
[2026-03-15T04:28:27.372Z] Loaded DB & Middleware
[2026-03-15T04:28:27.388Z] 🚀 Kerabat Backend is running on http://localhost:5000
[2026-03-15T04:28:27.389Z] Auth endpoints ready at http://localhost:5000/api/auth
[2026-03-15T04:30:01.192Z] --- STARTING BACKEND BOOTSTRAP ---
[2026-03-15T04:30:01.196Z] Loaded dotenv
[2026-03-15T04:30:01.197Z] Loaded Auth & Sessions
[2026-03-15T04:30:01.198Z] Initializing middleware
[2026-03-15T04:30:01.200Z] Loaded DB & Middleware
[2026-03-15T04:30:01.208Z] 🚀 Kerabat Backend is running on http://localhost:5000
[2026-03-15T04:30:01.209Z] Auth endpoints ready at http://localhost:5000/api/auth
[2026-03-15T04:34:01.391Z] --- STARTING BACKEND BOOTSTRAP ---
[2026-03-15T04:34:01.395Z] Loaded dotenv
[2026-03-15T04:34:01.396Z] Loaded Auth & Sessions
[2026-03-15T04:34:01.399Z] Initializing middleware
[2026-03-15T04:34:01.400Z] Loaded DB & Middleware
[2026-03-15T04:34:01.416Z] 🚀 Kerabat Backend is running on http://localhost:5000
[2026-03-15T04:34:01.417Z] Auth endpoints ready at http://localhost:5000/api/auth
[2026-03-15T04:34:24.019Z] --- STARTING BACKEND BOOTSTRAP ---
[2026-03-15T04:34:24.024Z] Loaded dotenv
[2026-03-15T04:34:24.025Z] Loaded Auth & Sessions
[2026-03-15T04:34:24.028Z] Initializing middleware
[2026-03-15T04:34:24.030Z] Loaded DB & Middleware
[2026-03-15T04:34:24.043Z] 🚀 Kerabat Backend is running on http://localhost:5000
[2026-03-15T04:34:24.044Z] Auth endpoints ready at http://localhost:5000/api/auth
[2026-03-15T04:45:48.067Z] --- STARTING BACKEND BOOTSTRAP ---
[2026-03-15T04:45:48.070Z] Loaded dotenv
[2026-03-15T04:45:48.071Z] Loaded Auth & Sessions
[2026-03-15T04:45:48.074Z] Initializing middleware
[2026-03-15T04:45:48.075Z] Loaded DB & Middleware
[2026-03-15T04:45:48.096Z] 🚀 Kerabat Backend is running on http://localhost:5000
[2026-03-15T04:45:48.097Z] Auth endpoints ready at http://localhost:5000/api/auth
[2026-03-15T04:52:37.602Z] --- STARTING BACKEND BOOTSTRAP ---
[2026-03-15T04:52:37.607Z] Loaded dotenv
[2026-03-15T04:52:37.608Z] Loaded Auth & Sessions
[2026-03-15T04:52:37.610Z] Initializing middleware
[2026-03-15T04:52:37.612Z] Loaded DB & Middleware
[2026-03-15T04:52:37.625Z] 🚀 Kerabat Backend is running on http://localhost:5000
[2026-03-15T04:52:37.626Z] Auth endpoints ready at http://localhost:5000/api/auth
[2026-03-15T04:52:50.962Z] --- STARTING BACKEND BOOTSTRAP ---
[2026-03-15T04:52:50.969Z] Loaded dotenv
[2026-03-15T04:52:50.970Z] Loaded Auth & Sessions
[2026-03-15T04:52:50.972Z] Initializing middleware
[2026-03-15T04:52:50.973Z] Loaded DB & Middleware
[2026-03-15T04:52:50.985Z] 🚀 Kerabat Backend is running on http://localhost:5000
[2026-03-15T04:52:50.985Z] Auth endpoints ready at http://localhost:5000/api/auth
[2026-03-15T04:52:55.260Z] --- STARTING BACKEND BOOTSTRAP ---
[2026-03-15T04:52:55.263Z] Loaded dotenv
[2026-03-15T04:52:55.264Z] Loaded Auth & Sessions
[2026-03-15T04:52:55.266Z] Initializing middleware
[2026-03-15T04:52:55.267Z] Loaded DB & Middleware
[2026-03-15T04:52:55.276Z] 🚀 Kerabat Backend is running on http://localhost:5000
[2026-03-15T04:52:55.277Z] Auth endpoints ready at http://localhost:5000/api/auth
[2026-03-15T04:54:28.815Z] --- STARTING BACKEND BOOTSTRAP ---
[2026-03-15T04:54:28.825Z] Loaded dotenv
[2026-03-15T04:54:28.826Z] Loaded Auth & Sessions
[2026-03-15T04:54:28.832Z] Initializing middleware
[2026-03-15T04:54:28.837Z] Loaded DB & Middleware
[2026-03-15T04:54:28.865Z] 🚀 Kerabat Backend is running on http://localhost:5000
[2026-03-15T04:54:28.868Z] Auth endpoints ready at http://localhost:5000/api/auth
[2026-03-15T05:04:04.709Z] Login attempt: role=Admin, pin=****
[2026-03-15T05:04:05.492Z] Session created for user admin_1773541986611
[2026-03-15T05:05:03.413Z] --- STARTING BACKEND BOOTSTRAP ---
[2026-03-15T05:05:03.448Z] Loaded dotenv
[2026-03-15T05:05:03.463Z] Loaded Auth & Sessions
[2026-03-15T05:05:03.511Z] Initializing middleware
[2026-03-15T05:05:03.528Z] Loaded DB & Middleware
[2026-03-15T05:05:03.645Z] 🚀 Kerabat Backend is running on http://localhost:5000
[2026-03-15T05:05:03.711Z] Auth endpoints ready at http://localhost:5000/api/auth
[2026-03-15T05:06:42.804Z] --- STARTING BACKEND BOOTSTRAP ---
[2026-03-15T05:06:42.808Z] Loaded dotenv
[2026-03-15T05:06:42.809Z] Loaded Auth & Sessions
[2026-03-15T05:06:42.811Z] Initializing middleware
[2026-03-15T05:06:42.813Z] Loaded DB & Middleware
[2026-03-15T05:06:42.829Z] 🚀 Kerabat Backend is running on http://localhost:5000
[2026-03-15T05:06:42.830Z] Auth endpoints ready at http://localhost:5000/api/auth
[2026-03-15T05:30:26.397Z] Login attempt: role=Admin, pin=****
[2026-03-15T05:30:27.491Z] Session created for user admin_1773541986611
[2026-03-15T05:30:55.579Z] Login attempt: role=Karyawan, pin=****
[2026-03-15T05:30:59.141Z] Session created for user emp_1773541986850
[2026-03-15T05:40:54.329Z] --- STARTING BACKEND BOOTSTRAP ---
[2026-03-15T05:40:54.346Z] Loaded dotenv
[2026-03-15T05:40:54.353Z] Loaded Auth & Sessions
[2026-03-15T05:40:54.358Z] Initializing middleware
[2026-03-15T05:40:54.363Z] Loaded DB & Middleware
[2026-03-15T05:40:54.410Z] 🚀 Kerabat Backend is running on http://localhost:5000
[2026-03-15T05:40:54.413Z] Auth endpoints ready at http://localhost:5000/api/auth
[2026-03-15T05:55:37.338Z] GET /api/health
[2026-03-15T05:57:38.439Z] GET /api/auth/get-session
[2026-03-15T05:57:39.234Z] GET /api/users
[2026-03-15T05:57:41.279Z] GET /api/users
[2026-03-15T05:57:45.028Z] POST /api/auth/logout-manual
[2026-03-15T05:57:45.341Z] GET /api/auth/get-session
[2026-03-15T05:57:45.368Z] GET /api/users
[2026-03-15T05:57:46.449Z] GET /api/users
[2026-03-15T05:57:50.382Z] POST /api/auth/logout-manual
[2026-03-15T05:57:50.657Z] GET /api/auth/get-session
[2026-03-15T05:57:50.689Z] GET /api/users
[2026-03-15T05:57:51.756Z] GET /api/users
[2026-03-15T06:02:29.373Z] GET /api/auth/get-session
[2026-03-15T06:02:29.502Z] GET /api/users
[2026-03-15T06:02:29.536Z] GET /api/auth/get-session
[2026-03-15T18:14:37.820Z] --- STARTING BACKEND BOOTSTRAP ---
[2026-03-15T18:14:37.882Z] Loaded dotenv
[2026-03-15T18:14:43.649Z] Loaded Auth & Sessions
[2026-03-15T18:14:43.660Z] Initializing middleware
[2026-03-15T18:14:43.673Z] FATAL: Uncaught Exception: Missing parameter name at index 1: *; visit https://git.new/pathToRegexpError for info
TypeError: Missing parameter name at index 1: *; visit https://git.new/pathToRegexpError for info
    at name (D:\PROJECT\Desktop\Laporan Kerabat\APLIKASI POS STOK KERABAT\backend\node_modules\path-to-regexp\dist\index.js:96:19)
    at parse (D:\PROJECT\Desktop\Laporan Kerabat\APLIKASI POS STOK KERABAT\backend\node_modules\path-to-regexp\dist\index.js:113:68)
    at pathToRegexp (D:\PROJECT\Desktop\Laporan Kerabat\APLIKASI POS STOK KERABAT\backend\node_modules\path-to-regexp\dist\index.js:267:58)
    at Object.match (D:\PROJECT\Desktop\Laporan Kerabat\APLIKASI POS STOK KERABAT\backend\node_modules\path-to-regexp\dist\index.js:237:30)
    at matcher (D:\PROJECT\Desktop\Laporan Kerabat\APLIKASI POS STOK KERABAT\backend\node_modules\router\lib\layer.js:86:23)
    at new Layer (D:\PROJECT\Desktop\Laporan Kerabat\APLIKASI POS STOK KERABAT\backend\node_modules\router\lib\layer.js:93:62)
    at router.route (D:\PROJECT\Desktop\Laporan Kerabat\APLIKASI POS STOK KERABAT\backend\node_modules\router\index.js:428:17)
    at app.route (D:\PROJECT\Desktop\Laporan Kerabat\APLIKASI POS STOK KERABAT\backend\node_modules\express\lib\application.js:257:22)
    at app.<computed> [as options] (D:\PROJECT\Desktop\Laporan Kerabat\APLIKASI POS STOK KERABAT\backend\node_modules\express\lib\application.js:478:22)
    at Object.<anonymous> (D:\PROJECT\Desktop\Laporan Kerabat\APLIKASI POS STOK KERABAT\backend\dist\index.js:63:5)
[2026-03-15T18:16:18.949Z] --- STARTING BACKEND BOOTSTRAP ---
[2026-03-15T18:16:19.048Z] --- Phase 1: Environment & Base Config ---
[2026-03-15T18:16:19.112Z] Loaded dotenv
[2026-03-15T18:16:19.123Z] NODE_ENV: development
[2026-03-15T18:16:19.127Z] PORT: 5000
[2026-03-15T18:16:19.145Z] DATABASE_URL: FOUND
[2026-03-15T18:16:19.151Z] BETTER_AUTH_SECRET: FOUND
[2026-03-15T18:16:19.159Z] BETTER_AUTH_URL: http://localhost:5000
[2026-03-15T18:16:19.161Z] FRONTEND_URL: http://localhost:5173
[2026-03-15T18:16:19.164Z] --- Phase 2: Loading Auth Configuration ---
[2026-03-15T18:16:23.723Z] Loaded Auth & Sessions Modules
[2026-03-15T18:16:23.724Z] --- Phase 3: Initializing Express ---
[2026-03-15T18:16:23.727Z] --- Phase 4: Setting up Middleware ---
[2026-03-15T18:16:23.735Z] FATAL: Uncaught Exception: Missing parameter name at index 3: (.*); visit https://git.new/pathToRegexpError for info
TypeError: Missing parameter name at index 3: (.*); visit https://git.new/pathToRegexpError for info
    at name (D:\PROJECT\Desktop\Laporan Kerabat\APLIKASI POS STOK KERABAT\backend\node_modules\path-to-regexp\dist\index.js:96:19)
    at parse (D:\PROJECT\Desktop\Laporan Kerabat\APLIKASI POS STOK KERABAT\backend\node_modules\path-to-regexp\dist\index.js:113:68)
    at pathToRegexp (D:\PROJECT\Desktop\Laporan Kerabat\APLIKASI POS STOK KERABAT\backend\node_modules\path-to-regexp\dist\index.js:267:58)
    at Object.match (D:\PROJECT\Desktop\Laporan Kerabat\APLIKASI POS STOK KERABAT\backend\node_modules\path-to-regexp\dist\index.js:237:30)
    at matcher (D:\PROJECT\Desktop\Laporan Kerabat\APLIKASI POS STOK KERABAT\backend\node_modules\router\lib\layer.js:86:23)
    at new Layer (D:\PROJECT\Desktop\Laporan Kerabat\APLIKASI POS STOK KERABAT\backend\node_modules\router\lib\layer.js:93:62)
    at router.route (D:\PROJECT\Desktop\Laporan Kerabat\APLIKASI POS STOK KERABAT\backend\node_modules\router\index.js:428:17)
    at app.route (D:\PROJECT\Desktop\Laporan Kerabat\APLIKASI POS STOK KERABAT\backend\node_modules\express\lib\application.js:257:22)
    at app.<computed> [as options] (D:\PROJECT\Desktop\Laporan Kerabat\APLIKASI POS STOK KERABAT\backend\node_modules\express\lib\application.js:478:22)
    at Object.<anonymous> (D:\PROJECT\Desktop\Laporan Kerabat\APLIKASI POS STOK KERABAT\backend\dist\index.js:75:5)
[2026-03-15T18:18:05.872Z] --- STARTING BACKEND BOOTSTRAP ---
[2026-03-15T18:18:05.878Z] --- Phase 1: Environment & Base Config ---
[2026-03-15T18:18:05.888Z] Loaded dotenv
[2026-03-15T18:18:05.889Z] NODE_ENV: development
[2026-03-15T18:18:05.890Z] PORT: 5000
[2026-03-15T18:18:05.891Z] DATABASE_URL: FOUND
[2026-03-15T18:18:05.892Z] BETTER_AUTH_SECRET: FOUND
[2026-03-15T18:18:05.894Z] BETTER_AUTH_URL: http://localhost:5000
[2026-03-15T18:18:05.895Z] FRONTEND_URL: http://localhost:5173
[2026-03-15T18:18:05.896Z] --- Phase 2: Loading Auth Configuration ---
[2026-03-15T18:18:08.546Z] Loaded Auth & Sessions Modules
[2026-03-15T18:18:08.549Z] --- Phase 3: Initializing Express ---
[2026-03-15T18:18:08.552Z] --- Phase 4: Setting up Middleware ---
[2026-03-15T18:18:08.559Z] Loaded DB & Middleware
[2026-03-15T18:18:08.597Z] 🚀 Kerabat Backend is running on port 5000
[2026-03-15T18:18:08.599Z] Environment: undefined
