[36mvite v7.3.1 [32mbuilding client environment for production...[36m[39m
transforming...
[32m[39m 3 modules transformed.
node.exe : 
[31m[39m Build 
failed in 2.47s
At line:1 char:1
+ & "C:\Program File
s\nodejs/node.exe" 
"C:\Program Files\no
dejs/node_mo ...
+ ~~~~~~~~~~~~~~~~~~
~~~~~~~~~~~~~~~~~~~~
~~~~~~~~~~~~~~~~~~~~
~~~~~~~~~~~
    + CategoryInfo  
            : NotS  
  pecified: ([31   
 m[39m Build    
 failed in 2.47    
s:String) [], R    
emoteException
    + FullyQualifie 
   dErrorId : Nati  
  veCommandError
 
[31merror during 
build:
[31m[vite:css] 
[postcss] D:/PROJECT
/Desktop/Laporan 
Kerabat/APLIKASI 
POS STOK KERABAT/app
s/shared/global.css:
30:1: `@layer base` 
is used but no 
matching `@tailwind 
base` directive is 
present.[31m
file: [36mD:/PROJEC
T/Desktop/Laporan 
Kerabat/APLIKASI 
POS STOK KERABAT/app
s/shared/global.css:
30:0[31m
    at Input.error (
D:\PROJECT\Desktop\L
aporan 
Kerabat\APLIKASI 
POS STOK KERABAT\nod
e_modules\postcss\li
b\input.js:135:16)
    at AtRule.error 
(D:\PROJECT\Desktop\
Laporan 
Kerabat\APLIKASI 
POS STOK KERABAT\nod
e_modules\postcss\li
b\node.js:146:32)
    at normalizeTail
windDirectives (D:\P
ROJECT\Desktop\Lapor
an Kerabat\APLIKASI 
POS STOK KERABAT\nod
e_modules\tailwindcs
s\lib\lib\normalizeT
ailwindDirectives.js
:72:32)
    at D:\PROJECT\De
sktop\Laporan 
Kerabat\APLIKASI 
POS STOK KERABAT\nod
e_modules\tailwindcs
s\lib\processTailwin
dFeatures.js:29:98
    at plugins (D:\P
ROJECT\Desktop\Lapor
an Kerabat\APLIKASI 
POS STOK KERABAT\nod
e_modules\tailwindcs
s\lib\plugin.js:38:6
9)
    at LazyResult.ru
nOnRoot (D:\PROJECT\
Desktop\Laporan 
Kerabat\APLIKASI 
POS STOK KERABAT\nod
e_modules\postcss\li
b\lazy-result.js:361
:16)
    at 
LazyResult.runAsync 
(D:\PROJECT\Desktop\
Laporan 
Kerabat\APLIKASI 
POS STOK KERABAT\nod
e_modules\postcss\li
b\lazy-result.js:290
:26)
    at 
LazyResult.async (D:
\PROJECT\Desktop\Lap
oran 
Kerabat\APLIKASI 
POS STOK KERABAT\nod
e_modules\postcss\li
b\lazy-result.js:192
:30)
    at 
LazyResult.then (D:\
PROJECT\Desktop\Lapo
ran 
Kerabat\APLIKASI 
POS STOK KERABAT\nod
e_modules\postcss\li
b\lazy-result.js:436
:17)[39m
